{"name": "OrangeHRM Logout", "status": "broken", "statusDetails": {"message": "selenium.common.exceptions.NoSuchElementException: Message: Unable to locate element: //img[@alt=\"OrangeHRM\"]\nStacktrace:\nWebDriverError@chrome://remote/content/shared/webdriver/Errors.jsm:188:5\nNoSuchElementError@chrome://remote/content/shared/webdriver/Errors.jsm:400:5\nelement.find/</<@chrome://remote/content/marionette/element.js:292:16\n\n", "trace": "  File \"C:\\Users\\Vigne\\PycharmProjects\\BehaveBDD\\venv\\lib\\site-packages\\behave\\model.py\", line 1329, in run\n    match.run(runner.context)\n  File \"C:\\Users\\Vigne\\PycharmProjects\\BehaveBDD\\venv\\lib\\site-packages\\behave\\matchers.py\", line 98, in run\n    self.func(context, *args, **kwargs)\n  File \"steps\\StepDefn_Orangehrm.py\", line 46, in the_user_verifies_home_Page_title\n    HomePageLogo = context.driver.find_element(By.XPATH,'//img[@alt=\"OrangeHRM\"]').is_displayed()\n  File \"C:\\Users\\Vigne\\PycharmProjects\\BehaveBDD\\venv\\lib\\site-packages\\selenium\\webdriver\\remote\\webdriver.py\", line 857, in find_element\n    return self.execute(Command.FIND_ELEMENT, {\n  File \"C:\\Users\\Vigne\\PycharmProjects\\BehaveBDD\\venv\\lib\\site-packages\\selenium\\webdriver\\remote\\webdriver.py\", line 435, in execute\n    self.error_handler.check_response(response)\n  File \"C:\\Users\\Vigne\\PycharmProjects\\BehaveBDD\\venv\\lib\\site-packages\\selenium\\webdriver\\remote\\errorhandler.py\", line 247, in check_response\n    raise exception_class(message, screen, stacktrace)\n"}, "steps": [{"name": "When the user verifies home Page title", "status": "broken", "statusDetails": {"message": "selenium.common.exceptions.NoSuchElementException: Message: Unable to locate element: //img[@alt=\"OrangeHRM\"]\nStacktrace:\nWebDriverError@chrome://remote/content/shared/webdriver/Errors.jsm:188:5\nNoSuchElementError@chrome://remote/content/shared/webdriver/Errors.jsm:400:5\nelement.find/</<@chrome://remote/content/marionette/element.js:292:16\n\n", "trace": "  File \"C:\\Users\\Vigne\\PycharmProjects\\BehaveBDD\\venv\\lib\\site-packages\\behave\\model.py\", line 1329, in run\n    match.run(runner.context)\n  File \"C:\\Users\\Vigne\\PycharmProjects\\BehaveBDD\\venv\\lib\\site-packages\\behave\\matchers.py\", line 98, in run\n    self.func(context, *args, **kwargs)\n  File \"steps\\StepDefn_Orangehrm.py\", line 46, in the_user_verifies_home_Page_title\n    HomePageLogo = context.driver.find_element(By.XPATH,'//img[@alt=\"OrangeHRM\"]').is_displayed()\n  File \"C:\\Users\\Vigne\\PycharmProjects\\BehaveBDD\\venv\\lib\\site-packages\\selenium\\webdriver\\remote\\webdriver.py\", line 857, in find_element\n    return self.execute(Command.FIND_ELEMENT, {\n  File \"C:\\Users\\Vigne\\PycharmProjects\\BehaveBDD\\venv\\lib\\site-packages\\selenium\\webdriver\\remote\\webdriver.py\", line 435, in execute\n    self.error_handler.check_response(response)\n  File \"C:\\Users\\Vigne\\PycharmProjects\\BehaveBDD\\venv\\lib\\site-packages\\selenium\\webdriver\\remote\\errorhandler.py\", line 247, in check_response\n    raise exception_class(message, screen, stacktrace)\n"}, "start": 1659802258293, "stop": 1659802288312}, {"name": "Then the user clicks on logout button", "status": "skipped", "start": 1659802288314, "stop": 1659802288314}], "start": 1659802258291, "stop": 1659802288314, "uuid": "36f42ac8-3374-469f-9c07-a07cf6bae37e", "historyId": "0b149f314259cb2a926c520841b92b38", "fullName": "OrangeHRM Testcases: OrangeHRM Logout", "labels": [{"name": "severity", "value": "normal"}, {"name": "tag", "value": "Regression"}, {"name": "feature", "value": "OrangeHRM Testcases"}, {"name": "framework", "value": "behave"}, {"name": "language", "value": "cpython3"}]}