{"name": "OrangeHRM Login i wht Scenario Outline -- @1.3 ", "status": "broken", "statusDetails": {"message": "selenium.common.exceptions.WebDriverException: Message: Failed to decode response from marionette\n\n", "trace": "  File \"C:\\Users\\Vigne\\PycharmProjects\\BehaveBDD\\venv\\lib\\site-packages\\behave\\model.py\", line 1329, in run\n    match.run(runner.context)\n  File \"C:\\Users\\Vigne\\PycharmProjects\\BehaveBDD\\venv\\lib\\site-packages\\behave\\matchers.py\", line 98, in run\n    self.func(context, *args, **kwargs)\n  File \"steps\\StepDefn_Orangehrm.py\", line 27, in the_user_verifies_logo\n    logo = context.driver.find_element(By.XPATH,'//div[@id=\"divLogo\"]/img')\n  File \"C:\\Users\\Vigne\\PycharmProjects\\BehaveBDD\\venv\\lib\\site-packages\\selenium\\webdriver\\remote\\webdriver.py\", line 857, in find_element\n    return self.execute(Command.FIND_ELEMENT, {\n  File \"C:\\Users\\Vigne\\PycharmProjects\\BehaveBDD\\venv\\lib\\site-packages\\selenium\\webdriver\\remote\\webdriver.py\", line 435, in execute\n    self.error_handler.check_response(response)\n  File \"C:\\Users\\Vigne\\PycharmProjects\\BehaveBDD\\venv\\lib\\site-packages\\selenium\\webdriver\\remote\\errorhandler.py\", line 247, in check_response\n    raise exception_class(message, screen, stacktrace)\n"}, "steps": [{"name": "Given the user launches Application", "status": "passed", "start": 1659801660399, "stop": 1659801661248}, {"name": "Then the user verifies logo", "status": "broken", "statusDetails": {"message": "selenium.common.exceptions.WebDriverException: Message: Failed to decode response from marionette\n\n", "trace": "  File \"C:\\Users\\Vigne\\PycharmProjects\\BehaveBDD\\venv\\lib\\site-packages\\behave\\model.py\", line 1329, in run\n    match.run(runner.context)\n  File \"C:\\Users\\Vigne\\PycharmProjects\\BehaveBDD\\venv\\lib\\site-packages\\behave\\matchers.py\", line 98, in run\n    self.func(context, *args, **kwargs)\n  File \"steps\\StepDefn_Orangehrm.py\", line 27, in the_user_verifies_logo\n    logo = context.driver.find_element(By.XPATH,'//div[@id=\"divLogo\"]/img')\n  File \"C:\\Users\\Vigne\\PycharmProjects\\BehaveBDD\\venv\\lib\\site-packages\\selenium\\webdriver\\remote\\webdriver.py\", line 857, in find_element\n    return self.execute(Command.FIND_ELEMENT, {\n  File \"C:\\Users\\Vigne\\PycharmProjects\\BehaveBDD\\venv\\lib\\site-packages\\selenium\\webdriver\\remote\\webdriver.py\", line 435, in execute\n    self.error_handler.check_response(response)\n  File \"C:\\Users\\Vigne\\PycharmProjects\\BehaveBDD\\venv\\lib\\site-packages\\selenium\\webdriver\\remote\\errorhandler.py\", line 247, in check_response\n    raise exception_class(message, screen, stacktrace)\n"}, "start": 1659801661248, "stop": 1659801678809}, {"name": "When the user enters \"admin\" in username field", "status": "broken", "statusDetails": {"message": "\nYou can implement step definitions for undefined steps with these snippets:\n\n@when(u'the user enters \"admin\" in username field')\ndef step_impl(context):\n    raise NotImplementedError(u'STEP: When the user enters \"admin\" in username field')\n\n"}, "start": 1659801678811, "stop": 1659801678811}, {"name": "Then the user enters \"abcd123\" in password field", "status": "broken", "statusDetails": {"message": "\nYou can implement step definitions for undefined steps with these snippets:\n\n@then(u'the user enters \"abcd123\" in password field')\ndef step_impl(context):\n    raise NotImplementedError(u'STEP: Then the user enters \"abcd123\" in password field')\n\n"}, "start": 1659801678811, "stop": 1659801678811}, {"name": "And the user clicks on login button", "status": "skipped", "start": 1659801678811, "stop": 1659801678811}], "parameters": [{"name": "username", "value": "admin"}, {"name": "password", "value": "abcd123"}], "start": 1659801660398, "stop": 1659801678811, "uuid": "581609c0-0058-4561-a0fa-b770321715e3", "historyId": "115031dbfce4c908f6d9b3fc283285f2", "fullName": "OrangeHRM Testcases: OrangeHRM Login i wht Scenario Outline", "labels": [{"name": "severity", "value": "normal"}, {"name": "tag", "value": "Sanity"}, {"name": "feature", "value": "OrangeHRM Testcases"}, {"name": "framework", "value": "behave"}, {"name": "language", "value": "cpython3"}]}