{"name": "OrangeHRM Login i wht Scenario Outline -- @1.1 ", "status": "broken", "statusDetails": {"message": "selenium.common.exceptions.NoSuchElementException: Message: Unable to locate element: //div[@id=\"divLogo\"]/img\nStacktrace:\nWebDriverError@chrome://remote/content/shared/webdriver/Errors.jsm:188:5\nNoSuchElementError@chrome://remote/content/shared/webdriver/Errors.jsm:400:5\nelement.find/</<@chrome://remote/content/marionette/element.js:292:16\n\n", "trace": "  File \"C:\\Users\\Vigne\\PycharmProjects\\BehaveBDD\\venv\\lib\\site-packages\\behave\\model.py\", line 1329, in run\n    match.run(runner.context)\n  File \"C:\\Users\\Vigne\\PycharmProjects\\BehaveBDD\\venv\\lib\\site-packages\\behave\\matchers.py\", line 98, in run\n    self.func(context, *args, **kwargs)\n  File \"steps\\StepDefn_Orangehrm.py\", line 27, in the_user_verifies_logo\n    logo = context.driver.find_element(By.XPATH,'//div[@id=\"divLogo\"]/img')\n  File \"C:\\Users\\Vigne\\PycharmProjects\\BehaveBDD\\venv\\lib\\site-packages\\selenium\\webdriver\\remote\\webdriver.py\", line 857, in find_element\n    return self.execute(Command.FIND_ELEMENT, {\n  File \"C:\\Users\\Vigne\\PycharmProjects\\BehaveBDD\\venv\\lib\\site-packages\\selenium\\webdriver\\remote\\webdriver.py\", line 435, in execute\n    self.error_handler.check_response(response)\n  File \"C:\\Users\\Vigne\\PycharmProjects\\BehaveBDD\\venv\\lib\\site-packages\\selenium\\webdriver\\remote\\errorhandler.py\", line 247, in check_response\n    raise exception_class(message, screen, stacktrace)\n"}, "steps": [{"name": "Given the user launches Application", "status": "passed", "start": 1659801597972, "stop": 1659801599333}, {"name": "Then the user verifies logo", "status": "broken", "statusDetails": {"message": "selenium.common.exceptions.NoSuchElementException: Message: Unable to locate element: //div[@id=\"divLogo\"]/img\nStacktrace:\nWebDriverError@chrome://remote/content/shared/webdriver/Errors.jsm:188:5\nNoSuchElementError@chrome://remote/content/shared/webdriver/Errors.jsm:400:5\nelement.find/</<@chrome://remote/content/marionette/element.js:292:16\n\n", "trace": "  File \"C:\\Users\\Vigne\\PycharmProjects\\BehaveBDD\\venv\\lib\\site-packages\\behave\\model.py\", line 1329, in run\n    match.run(runner.context)\n  File \"C:\\Users\\Vigne\\PycharmProjects\\BehaveBDD\\venv\\lib\\site-packages\\behave\\matchers.py\", line 98, in run\n    self.func(context, *args, **kwargs)\n  File \"steps\\StepDefn_Orangehrm.py\", line 27, in the_user_verifies_logo\n    logo = context.driver.find_element(By.XPATH,'//div[@id=\"divLogo\"]/img')\n  File \"C:\\Users\\Vigne\\PycharmProjects\\BehaveBDD\\venv\\lib\\site-packages\\selenium\\webdriver\\remote\\webdriver.py\", line 857, in find_element\n    return self.execute(Command.FIND_ELEMENT, {\n  File \"C:\\Users\\Vigne\\PycharmProjects\\BehaveBDD\\venv\\lib\\site-packages\\selenium\\webdriver\\remote\\webdriver.py\", line 435, in execute\n    self.error_handler.check_response(response)\n  File \"C:\\Users\\Vigne\\PycharmProjects\\BehaveBDD\\venv\\lib\\site-packages\\selenium\\webdriver\\remote\\errorhandler.py\", line 247, in check_response\n    raise exception_class(message, screen, stacktrace)\n"}, "start": 1659801599334, "stop": 1659801629346}, {"name": "When the user enters \"admin\" in username field", "status": "broken", "statusDetails": {"message": "\nYou can implement step definitions for undefined steps with these snippets:\n\n@when(u'the user enters \"admin\" in username field')\ndef step_impl(context):\n    raise NotImplementedError(u'STEP: When the user enters \"admin\" in username field')\n\n"}, "start": 1659801629347, "stop": 1659801629347}, {"name": "Then the user enters \"admin123\" in password field", "status": "broken", "statusDetails": {"message": "\nYou can implement step definitions for undefined steps with these snippets:\n\n@then(u'the user enters \"admin123\" in password field')\ndef step_impl(context):\n    raise NotImplementedError(u'STEP: Then the user enters \"admin123\" in password field')\n\n"}, "start": 1659801629347, "stop": 1659801629347}, {"name": "And the user clicks on login button", "status": "skipped", "start": 1659801629347, "stop": 1659801629347}], "parameters": [{"name": "username", "value": "admin"}, {"name": "password", "value": "admin123"}], "start": 1659801597970, "stop": 1659801629347, "uuid": "985da414-24a3-4cd4-a503-aefbf60b8a0e", "historyId": "0a6c6c071039c7155893f80f271b8582", "fullName": "OrangeHRM Testcases: OrangeHRM Login i wht Scenario Outline", "labels": [{"name": "severity", "value": "normal"}, {"name": "tag", "value": "Sanity"}, {"name": "feature", "value": "OrangeHRM Testcases"}, {"name": "framework", "value": "behave"}, {"name": "language", "value": "cpython3"}]}