{"name": "OrangeHRM Login i wht Scenario Outline -- @1.2 ", "status": "broken", "statusDetails": {"message": "selenium.common.exceptions.NoSuchElementException: Message: Unable to locate element: //div[@id=\"divLogo\"]/img\nStacktrace:\nWebDriverError@chrome://remote/content/shared/webdriver/Errors.jsm:188:5\nNoSuchElementError@chrome://remote/content/shared/webdriver/Errors.jsm:400:5\nelement.find/</<@chrome://remote/content/marionette/element.js:292:16\n\n", "trace": "  File \"C:\\Users\\Vigne\\PycharmProjects\\BehaveBDD\\venv\\lib\\site-packages\\behave\\model.py\", line 1329, in run\n    match.run(runner.context)\n  File \"C:\\Users\\Vigne\\PycharmProjects\\BehaveBDD\\venv\\lib\\site-packages\\behave\\matchers.py\", line 98, in run\n    self.func(context, *args, **kwargs)\n  File \"steps\\StepDefn_Orangehrm.py\", line 27, in the_user_verifies_logo\n    logo = context.driver.find_element(By.XPATH,'//div[@id=\"divLogo\"]/img')\n  File \"C:\\Users\\Vigne\\PycharmProjects\\BehaveBDD\\venv\\lib\\site-packages\\selenium\\webdriver\\remote\\webdriver.py\", line 857, in find_element\n    return self.execute(Command.FIND_ELEMENT, {\n  File \"C:\\Users\\Vigne\\PycharmProjects\\BehaveBDD\\venv\\lib\\site-packages\\selenium\\webdriver\\remote\\webdriver.py\", line 435, in execute\n    self.error_handler.check_response(response)\n  File \"C:\\Users\\Vigne\\PycharmProjects\\BehaveBDD\\venv\\lib\\site-packages\\selenium\\webdriver\\remote\\errorhandler.py\", line 247, in check_response\n    raise exception_class(message, screen, stacktrace)\n"}, "steps": [{"name": "Given the user launches Application", "status": "passed", "start": 1659801629350, "stop": 1659801630367}, {"name": "Then the user verifies logo", "status": "broken", "statusDetails": {"message": "selenium.common.exceptions.NoSuchElementException: Message: Unable to locate element: //div[@id=\"divLogo\"]/img\nStacktrace:\nWebDriverError@chrome://remote/content/shared/webdriver/Errors.jsm:188:5\nNoSuchElementError@chrome://remote/content/shared/webdriver/Errors.jsm:400:5\nelement.find/</<@chrome://remote/content/marionette/element.js:292:16\n\n", "trace": "  File \"C:\\Users\\Vigne\\PycharmProjects\\BehaveBDD\\venv\\lib\\site-packages\\behave\\model.py\", line 1329, in run\n    match.run(runner.context)\n  File \"C:\\Users\\Vigne\\PycharmProjects\\BehaveBDD\\venv\\lib\\site-packages\\behave\\matchers.py\", line 98, in run\n    self.func(context, *args, **kwargs)\n  File \"steps\\StepDefn_Orangehrm.py\", line 27, in the_user_verifies_logo\n    logo = context.driver.find_element(By.XPATH,'//div[@id=\"divLogo\"]/img')\n  File \"C:\\Users\\Vigne\\PycharmProjects\\BehaveBDD\\venv\\lib\\site-packages\\selenium\\webdriver\\remote\\webdriver.py\", line 857, in find_element\n    return self.execute(Command.FIND_ELEMENT, {\n  File \"C:\\Users\\Vigne\\PycharmProjects\\BehaveBDD\\venv\\lib\\site-packages\\selenium\\webdriver\\remote\\webdriver.py\", line 435, in execute\n    self.error_handler.check_response(response)\n  File \"C:\\Users\\Vigne\\PycharmProjects\\BehaveBDD\\venv\\lib\\site-packages\\selenium\\webdriver\\remote\\errorhandler.py\", line 247, in check_response\n    raise exception_class(message, screen, stacktrace)\n"}, "start": 1659801630367, "stop": 1659801660395}, {"name": "When the user enters \"abcd\" in username field", "status": "broken", "statusDetails": {"message": "\nYou can implement step definitions for undefined steps with these snippets:\n\n@when(u'the user enters \"abcd\" in username field')\ndef step_impl(context):\n    raise NotImplementedError(u'STEP: When the user enters \"abcd\" in username field')\n\n"}, "start": 1659801660396, "stop": 1659801660396}, {"name": "Then the user enters \"abcd123\" in password field", "status": "broken", "statusDetails": {"message": "\nYou can implement step definitions for undefined steps with these snippets:\n\n@then(u'the user enters \"abcd123\" in password field')\ndef step_impl(context):\n    raise NotImplementedError(u'STEP: Then the user enters \"abcd123\" in password field')\n\n"}, "start": 1659801660396, "stop": 1659801660396}, {"name": "And the user clicks on login button", "status": "skipped", "start": 1659801660396, "stop": 1659801660396}], "parameters": [{"name": "username", "value": "abcd"}, {"name": "password", "value": "abcd123"}], "start": 1659801629348, "stop": 1659801660396, "uuid": "b7b575c6-a636-4843-856c-7677fdb7c600", "historyId": "1c826ce6c7efe9ff040eb0f7f0b7347c", "fullName": "OrangeHRM Testcases: OrangeHRM Login i wht Scenario Outline", "labels": [{"name": "severity", "value": "normal"}, {"name": "tag", "value": "Sanity"}, {"name": "feature", "value": "OrangeHRM Testcases"}, {"name": "framework", "value": "behave"}, {"name": "language", "value": "cpython3"}]}